                              1 ;--------------------------------------------------------
                              2 ; File Created by SDCC : free open source ANSI-C Compiler
                              3 ; Version 3.6.8 #9946 (Linux)
                              4 ;--------------------------------------------------------
                              5 	.module player_ship
                              6 	.optsdcc -mz80
                              7 	
                              8 ;--------------------------------------------------------
                              9 ; Public variables in this module
                             10 ;--------------------------------------------------------
                             11 	.globl _sp_player_ship
                             12 ;--------------------------------------------------------
                             13 ; special function registers
                             14 ;--------------------------------------------------------
                             15 ;--------------------------------------------------------
                             16 ; ram data
                             17 ;--------------------------------------------------------
                             18 	.area _DATA
                             19 ;--------------------------------------------------------
                             20 ; ram data
                             21 ;--------------------------------------------------------
                             22 	.area _INITIALIZED
                             23 ;--------------------------------------------------------
                             24 ; absolute external ram data
                             25 ;--------------------------------------------------------
                             26 	.area _DABS (ABS)
                             27 ;--------------------------------------------------------
                             28 ; global & static initialisations
                             29 ;--------------------------------------------------------
                             30 	.area _HOME
                             31 	.area _GSINIT
                             32 	.area _GSFINAL
                             33 	.area _GSINIT
                             34 ;--------------------------------------------------------
                             35 ; Home
                             36 ;--------------------------------------------------------
                             37 	.area _HOME
                             38 	.area _HOME
                             39 ;--------------------------------------------------------
                             40 ; code
                             41 ;--------------------------------------------------------
                             42 	.area _CODE
                             43 	.area _CODE
   0000                      44 _sp_player_ship:
   0000 00                   45 	.db #0x00	; 0
   0001 00                   46 	.db #0x00	; 0
   0002 C0                   47 	.db #0xc0	; 192
   0003 00                   48 	.db #0x00	; 0
   0004 00                   49 	.db #0x00	; 0
   0005 00                   50 	.db #0x00	; 0
   0006 40                   51 	.db #0x40	; 64
   0007 30                   52 	.db #0x30	; 48	'0'
   0008 80                   53 	.db #0x80	; 128
   0009 00                   54 	.db #0x00	; 0
   000A 00                   55 	.db #0x00	; 0
   000B 40                   56 	.db #0x40	; 64
   000C FF                   57 	.db #0xff	; 255
   000D 80                   58 	.db #0x80	; 128
   000E 00                   59 	.db #0x00	; 0
   000F 00                   60 	.db #0x00	; 0
   0010 40                   61 	.db #0x40	; 64
   0011 FF                   62 	.db #0xff	; 255
   0012 80                   63 	.db #0x80	; 128
   0013 00                   64 	.db #0x00	; 0
   0014 40                   65 	.db #0x40	; 64
   0015 40                   66 	.db #0x40	; 64
   0016 C0                   67 	.db #0xc0	; 192
   0017 80                   68 	.db #0x80	; 128
   0018 80                   69 	.db #0x80	; 128
   0019 90                   70 	.db #0x90	; 144
   001A C0                   71 	.db #0xc0	; 192
   001B BE                   72 	.db #0xbe	; 190
   001C C0                   73 	.db #0xc0	; 192
   001D 60                   74 	.db #0x60	; 96
   001E D5                   75 	.db #0xd5	; 213
   001F C0                   76 	.db #0xc0	; 192
   0020 3C                   77 	.db #0x3c	; 60
   0021 C0                   78 	.db #0xc0	; 192
   0022 EA                   79 	.db #0xea	; 234
   0023 81                   80 	.db #0x81	; 129
   0024 EA                   81 	.db #0xea	; 234
   0025 C0                   82 	.db #0xc0	; 192
   0026 D5                   83 	.db #0xd5	; 213
   0027 42                   84 	.db #0x42	; 66	'B'
   0028 40                   85 	.db #0x40	; 64
   0029 57                   86 	.db #0x57	; 87	'W'
   002A FF                   87 	.db #0xff	; 255
   002B AB                   88 	.db #0xab	; 171
   002C 80                   89 	.db #0x80	; 128
   002D 00                   90 	.db #0x00	; 0
   002E 81                   91 	.db #0x81	; 129
   002F FF                   92 	.db #0xff	; 255
   0030 42                   93 	.db #0x42	; 66	'B'
   0031 00                   94 	.db #0x00	; 0
   0032 00                   95 	.db #0x00	; 0
   0033 40                   96 	.db #0x40	; 64
   0034 C0                   97 	.db #0xc0	; 192
   0035 80                   98 	.db #0x80	; 128
   0036 00                   99 	.db #0x00	; 0
   0037 00                  100 	.db #0x00	; 0
   0038 40                  101 	.db #0x40	; 64
   0039 C0                  102 	.db #0xc0	; 192
   003A 80                  103 	.db #0x80	; 128
   003B 00                  104 	.db #0x00	; 0
   003C 00                  105 	.db #0x00	; 0
   003D 81                  106 	.db #0x81	; 129
   003E FF                  107 	.db #0xff	; 255
   003F 42                  108 	.db #0x42	; 66	'B'
   0040 00                  109 	.db #0x00	; 0
   0041 40                  110 	.db #0x40	; 64
   0042 C0                  111 	.db #0xc0	; 192
   0043 C0                  112 	.db #0xc0	; 192
   0044 C0                  113 	.db #0xc0	; 192
   0045 80                  114 	.db #0x80	; 128
                            115 	.area _INITIALIZER
                            116 	.area _CABS (ABS)
