                              1 ;--------------------------------------------------------
                              2 ; File Created by SDCC : free open source ANSI-C Compiler
                              3 ; Version 3.6.8 #9946 (Linux)
                              4 ;--------------------------------------------------------
                              5 	.module main
                              6 	.optsdcc -mz80
                              7 	
                              8 ;--------------------------------------------------------
                              9 ; Public variables in this module
                             10 ;--------------------------------------------------------
                             11 	.globl _main
                             12 	.globl _eraseShot
                             13 	.globl _drawShot
                             14 	.globl _eraseEnemy
                             15 	.globl _drawEnemy
                             16 	.globl _drawPlayer
                             17 	.globl _cpct_getScreenPtr
                             18 	.globl _cpct_setPALColour
                             19 	.globl _cpct_setPalette
                             20 	.globl _cpct_waitVSYNC
                             21 	.globl _cpct_setVideoMode
                             22 	.globl _cpct_drawSprite
                             23 	.globl _cpct_drawSolidBox
                             24 	.globl _cpct_isKeyPressed
                             25 	.globl _cpct_scanKeyboard
                             26 	.globl _cpct_disableFirmware
                             27 ;--------------------------------------------------------
                             28 ; special function registers
                             29 ;--------------------------------------------------------
                             30 ;--------------------------------------------------------
                             31 ; ram data
                             32 ;--------------------------------------------------------
                             33 	.area _DATA
                             34 ;--------------------------------------------------------
                             35 ; ram data
                             36 ;--------------------------------------------------------
                             37 	.area _INITIALIZED
                             38 ;--------------------------------------------------------
                             39 ; absolute external ram data
                             40 ;--------------------------------------------------------
                             41 	.area _DABS (ABS)
                             42 ;--------------------------------------------------------
                             43 ; global & static initialisations
                             44 ;--------------------------------------------------------
                             45 	.area _HOME
                             46 	.area _GSINIT
                             47 	.area _GSFINAL
                             48 	.area _GSINIT
                             49 ;--------------------------------------------------------
                             50 ; Home
                             51 ;--------------------------------------------------------
                             52 	.area _HOME
                             53 	.area _HOME
                             54 ;--------------------------------------------------------
                             55 ; code
                             56 ;--------------------------------------------------------
                             57 	.area _CODE
                             58 ;src/main.c:30: void drawPlayer() {
                             59 ;	---------------------------------
                             60 ; Function drawPlayer
                             61 ; ---------------------------------
   0000                      62 _drawPlayer::
                             63 ;src/main.c:31: u8 * pvmem = cpct_getScreenPtr(CPCT_VMEM_START, PLAYER_X, PLAYER_Y);
   0000 21 25 BA      [10]   64 	ld	hl, #0xba25
   0003 E5            [11]   65 	push	hl
   0004 21 00 C0      [10]   66 	ld	hl, #0xc000
   0007 E5            [11]   67 	push	hl
   0008 CDr00r00      [17]   68 	call	_cpct_getScreenPtr
                             69 ;src/main.c:32: cpct_drawSprite(sp_player_ship, pvmem, SP_PLAYER_SHIP_W, SP_PLAYER_SHIP_H);
   000B 01r00r00      [10]   70 	ld	bc, #_sp_player_ship+0
   000E 11 05 0E      [10]   71 	ld	de, #0x0e05
   0011 D5            [11]   72 	push	de
   0012 E5            [11]   73 	push	hl
   0013 C5            [11]   74 	push	bc
   0014 CDr00r00      [17]   75 	call	_cpct_drawSprite
   0017 C9            [10]   76 	ret
                             77 ;src/main.c:39: void drawEnemy(u8 x) {
                             78 ;	---------------------------------
                             79 ; Function drawEnemy
                             80 ; ---------------------------------
   0018                      81 _drawEnemy::
   0018 DD E5         [15]   82 	push	ix
   001A DD 21 00 00   [14]   83 	ld	ix,#0
   001E DD 39         [15]   84 	add	ix,sp
                             85 ;src/main.c:40: u8 * pvmem = cpct_getScreenPtr(CPCT_VMEM_START, x, ENEMY_Y);
   0020 3E 14         [ 7]   86 	ld	a, #0x14
   0022 F5            [11]   87 	push	af
   0023 33            [ 6]   88 	inc	sp
   0024 DD 7E 04      [19]   89 	ld	a, 4 (ix)
   0027 F5            [11]   90 	push	af
   0028 33            [ 6]   91 	inc	sp
   0029 21 00 C0      [10]   92 	ld	hl, #0xc000
   002C E5            [11]   93 	push	hl
   002D CDr00r00      [17]   94 	call	_cpct_getScreenPtr
                             95 ;src/main.c:41: cpct_drawSprite(sp_enemy_saucer, pvmem, SP_ENEMY_SAUCER_W, SP_ENEMY_SAUCER_H);
   0030 01r00r00      [10]   96 	ld	bc, #_sp_enemy_saucer+0
   0033 11 0D 10      [10]   97 	ld	de, #0x100d
   0036 D5            [11]   98 	push	de
   0037 E5            [11]   99 	push	hl
   0038 C5            [11]  100 	push	bc
   0039 CDr00r00      [17]  101 	call	_cpct_drawSprite
   003C DD E1         [14]  102 	pop	ix
   003E C9            [10]  103 	ret
                            104 ;src/main.c:48: void eraseEnemy(u8 x) {
                            105 ;	---------------------------------
                            106 ; Function eraseEnemy
                            107 ; ---------------------------------
   003F                     108 _eraseEnemy::
                            109 ;src/main.c:49: u8 * pvmem = cpct_getScreenPtr(CPCT_VMEM_START, x, ENEMY_Y);
   003F 3E 14         [ 7]  110 	ld	a, #0x14
   0041 F5            [11]  111 	push	af
   0042 33            [ 6]  112 	inc	sp
   0043 21 03 00      [10]  113 	ld	hl, #3+0
   0046 39            [11]  114 	add	hl, sp
   0047 7E            [ 7]  115 	ld	a, (hl)
   0048 F5            [11]  116 	push	af
   0049 33            [ 6]  117 	inc	sp
   004A 21 00 C0      [10]  118 	ld	hl, #0xc000
   004D E5            [11]  119 	push	hl
   004E CDr00r00      [17]  120 	call	_cpct_getScreenPtr
                            121 ;src/main.c:50: cpct_drawSolidBox(pvmem, 0, SP_ENEMY_SAUCER_W, SP_ENEMY_SAUCER_H);
   0051 01 0D 10      [10]  122 	ld	bc, #0x100d
   0054 C5            [11]  123 	push	bc
   0055 01 00 00      [10]  124 	ld	bc, #0x0000
   0058 C5            [11]  125 	push	bc
   0059 E5            [11]  126 	push	hl
   005A CDr00r00      [17]  127 	call	_cpct_drawSolidBox
   005D C9            [10]  128 	ret
                            129 ;src/main.c:57: void drawShot(u8 y) {
                            130 ;	---------------------------------
                            131 ; Function drawShot
                            132 ; ---------------------------------
   005E                     133 _drawShot::
   005E DD E5         [15]  134 	push	ix
   0060 DD 21 00 00   [14]  135 	ld	ix,#0
   0064 DD 39         [15]  136 	add	ix,sp
                            137 ;src/main.c:58: u8 * pvmem = cpct_getScreenPtr(CPCT_VMEM_START, SHOT_X, y);
   0066 DD 56 04      [19]  138 	ld	d, 4 (ix)
   0069 1E 27         [ 7]  139 	ld	e,#0x27
   006B D5            [11]  140 	push	de
   006C 21 00 C0      [10]  141 	ld	hl, #0xc000
   006F E5            [11]  142 	push	hl
   0070 CDr00r00      [17]  143 	call	_cpct_getScreenPtr
                            144 ;src/main.c:59: cpct_drawSprite(sp_vshot, pvmem, SP_VSHOT_W, SP_VSHOT_H);
   0073 01r00r00      [10]  145 	ld	bc, #_sp_vshot+0
   0076 11 01 08      [10]  146 	ld	de, #0x0801
   0079 D5            [11]  147 	push	de
   007A E5            [11]  148 	push	hl
   007B C5            [11]  149 	push	bc
   007C CDr00r00      [17]  150 	call	_cpct_drawSprite
   007F DD E1         [14]  151 	pop	ix
   0081 C9            [10]  152 	ret
                            153 ;src/main.c:66: void eraseShot(u8 y) {
                            154 ;	---------------------------------
                            155 ; Function eraseShot
                            156 ; ---------------------------------
   0082                     157 _eraseShot::
                            158 ;src/main.c:67: u8 * pvmem = cpct_getScreenPtr(CPCT_VMEM_START, SHOT_X, y);
   0082 21 02 00      [10]  159 	ld	hl, #2+0
   0085 39            [11]  160 	add	hl, sp
   0086 56            [ 7]  161 	ld	d, (hl)
   0087 1E 27         [ 7]  162 	ld	e,#0x27
   0089 D5            [11]  163 	push	de
   008A 21 00 C0      [10]  164 	ld	hl, #0xc000
   008D E5            [11]  165 	push	hl
   008E CDr00r00      [17]  166 	call	_cpct_getScreenPtr
                            167 ;src/main.c:68: cpct_drawSolidBox(pvmem, 0, SP_VSHOT_W, SP_VSHOT_H);
   0091 01 01 08      [10]  168 	ld	bc, #0x0801
   0094 C5            [11]  169 	push	bc
   0095 01 00 00      [10]  170 	ld	bc, #0x0000
   0098 C5            [11]  171 	push	bc
   0099 E5            [11]  172 	push	hl
   009A CDr00r00      [17]  173 	call	_cpct_drawSolidBox
   009D C9            [10]  174 	ret
                            175 ;src/main.c:75: void main(void) {
                            176 ;	---------------------------------
                            177 ; Function main
                            178 ; ---------------------------------
   009E                     179 _main::
   009E DD E5         [15]  180 	push	ix
   00A0 DD 21 00 00   [14]  181 	ld	ix,#0
   00A4 DD 39         [15]  182 	add	ix,sp
   00A6 3B            [ 6]  183 	dec	sp
                            184 ;src/main.c:77: u8 enemy_x = ENEMY_INIT_X;
                            185 ;src/main.c:78: u8 shot_y  = SHOT_INIT_Y;
   00A7 01 B2 43      [10]  186 	ld	bc,#0x43b2
                            187 ;src/main.c:79: u8 shot_on = TRUE;
   00AA DD 36 FF 01   [19]  188 	ld	-1 (ix), #0x01
                            189 ;src/main.c:82: cpct_disableFirmware();
   00AE C5            [11]  190 	push	bc
   00AF CDr00r00      [17]  191 	call	_cpct_disableFirmware
   00B2 2E 00         [ 7]  192 	ld	l, #0x00
   00B4 CDr00r00      [17]  193 	call	_cpct_setVideoMode
   00B7 21 10 00      [10]  194 	ld	hl, #0x0010
   00BA E5            [11]  195 	push	hl
   00BB 21r00r00      [10]  196 	ld	hl, #_g_palette
   00BE E5            [11]  197 	push	hl
   00BF CDr00r00      [17]  198 	call	_cpct_setPalette
   00C2 21 10 14      [10]  199 	ld	hl, #0x1410
   00C5 E5            [11]  200 	push	hl
   00C6 CDr00r00      [17]  201 	call	_cpct_setPALColour
   00C9 C1            [10]  202 	pop	bc
                            203 ;src/main.c:88: while (TRUE) {
   00CA                     204 00127$:
                            205 ;src/main.c:92: if ( enemy_x == 0 ) { eraseEnemy(enemy_x); }
   00CA 78            [ 4]  206 	ld	a, b
   00CB B7            [ 4]  207 	or	a, a
   00CC 20 0A         [12]  208 	jr	NZ,00102$
   00CE C5            [11]  209 	push	bc
   00CF C5            [11]  210 	push	bc
   00D0 33            [ 6]  211 	inc	sp
   00D1 CDr3Fr00      [17]  212 	call	_eraseEnemy
   00D4 33            [ 6]  213 	inc	sp
   00D5 C1            [10]  214 	pop	bc
   00D6 18 08         [12]  215 	jr	00103$
   00D8                     216 00102$:
                            217 ;src/main.c:93: else                { drawEnemy(enemy_x);  }   
   00D8 C5            [11]  218 	push	bc
   00D9 C5            [11]  219 	push	bc
   00DA 33            [ 6]  220 	inc	sp
   00DB CDr18r00      [17]  221 	call	_drawEnemy
   00DE 33            [ 6]  222 	inc	sp
   00DF C1            [10]  223 	pop	bc
   00E0                     224 00103$:
                            225 ;src/main.c:95: drawPlayer();
   00E0 C5            [11]  226 	push	bc
   00E1 CDr00r00      [17]  227 	call	_drawPlayer
   00E4 C1            [10]  228 	pop	bc
                            229 ;src/main.c:96: if ( shot_on == TRUE) {
   00E5 DD 7E FF      [19]  230 	ld	a, -1 (ix)
   00E8 3D            [ 4]  231 	dec	a
   00E9 20 18         [12]  232 	jr	NZ,00108$
                            233 ;src/main.c:97: if ( shot_y == 0 ) { eraseShot(shot_y); }
   00EB 79            [ 4]  234 	ld	a, c
   00EC B7            [ 4]  235 	or	a, a
   00ED 20 0B         [12]  236 	jr	NZ,00105$
   00EF C5            [11]  237 	push	bc
   00F0 79            [ 4]  238 	ld	a, c
   00F1 F5            [11]  239 	push	af
   00F2 33            [ 6]  240 	inc	sp
   00F3 CDr82r00      [17]  241 	call	_eraseShot
   00F6 33            [ 6]  242 	inc	sp
   00F7 C1            [10]  243 	pop	bc
   00F8 18 09         [12]  244 	jr	00108$
   00FA                     245 00105$:
                            246 ;src/main.c:98: else               { drawShot(shot_y);  }         
   00FA C5            [11]  247 	push	bc
   00FB 79            [ 4]  248 	ld	a, c
   00FC F5            [11]  249 	push	af
   00FD 33            [ 6]  250 	inc	sp
   00FE CDr5Er00      [17]  251 	call	_drawShot
   0101 33            [ 6]  252 	inc	sp
   0102 C1            [10]  253 	pop	bc
   0103                     254 00108$:
                            255 ;src/main.c:105: if (  shot_on
   0103 DD 7E FF      [19]  256 	ld	a, -1 (ix)
   0106 B7            [ 4]  257 	or	a, a
   0107 28 4B         [12]  258 	jr	Z,00110$
                            259 ;src/main.c:107: && shot_y + SP_VSHOT_H > ENEMY_Y + COL_MARGIN
   0109 79            [ 4]  260 	ld	a, c
   010A D6 20         [ 7]  261 	sub	a, #0x20
   010C 30 46         [12]  262 	jr	NC,00110$
   010E 59            [ 4]  263 	ld	e, c
   010F 16 00         [ 7]  264 	ld	d, #0x00
   0111 21 08 00      [10]  265 	ld	hl, #0x0008
   0114 19            [11]  266 	add	hl, de
   0115 3E 18         [ 7]  267 	ld	a, #0x18
   0117 BD            [ 4]  268 	cp	a, l
   0118 3E 00         [ 7]  269 	ld	a, #0x00
   011A 9C            [ 4]  270 	sbc	a, h
   011B E2r20r01      [10]  271 	jp	PO, 00185$
   011E EE 80         [ 7]  272 	xor	a, #0x80
   0120                     273 00185$:
   0120 F2r54r01      [10]  274 	jp	P, 00110$
                            275 ;src/main.c:109: && enemy_x + SP_ENEMY_SAUCER_W > SHOT_X + COL_MARGIN )
   0123 78            [ 4]  276 	ld	a, b
   0124 D6 24         [ 7]  277 	sub	a, #0x24
   0126 30 2C         [12]  278 	jr	NC,00110$
   0128 58            [ 4]  279 	ld	e, b
   0129 16 00         [ 7]  280 	ld	d, #0x00
   012B 21 0D 00      [10]  281 	ld	hl, #0x000d
   012E 19            [11]  282 	add	hl, de
   012F 3E 2B         [ 7]  283 	ld	a, #0x2b
   0131 BD            [ 4]  284 	cp	a, l
   0132 3E 00         [ 7]  285 	ld	a, #0x00
   0134 9C            [ 4]  286 	sbc	a, h
   0135 E2r3Ar01      [10]  287 	jp	PO, 00186$
   0138 EE 80         [ 7]  288 	xor	a, #0x80
   013A                     289 00186$:
   013A F2r54r01      [10]  290 	jp	P, 00110$
                            291 ;src/main.c:111: eraseEnemy(enemy_x);
   013D C5            [11]  292 	push	bc
   013E C5            [11]  293 	push	bc
   013F 33            [ 6]  294 	inc	sp
   0140 CDr3Fr00      [17]  295 	call	_eraseEnemy
   0143 33            [ 6]  296 	inc	sp
   0144 C1            [10]  297 	pop	bc
                            298 ;src/main.c:112: eraseShot(shot_y);
   0145 C5            [11]  299 	push	bc
   0146 79            [ 4]  300 	ld	a, c
   0147 F5            [11]  301 	push	af
   0148 33            [ 6]  302 	inc	sp
   0149 CDr82r00      [17]  303 	call	_eraseShot
   014C 33            [ 6]  304 	inc	sp
   014D C1            [10]  305 	pop	bc
                            306 ;src/main.c:113: shot_on = FALSE;
   014E DD 36 FF 00   [19]  307 	ld	-1 (ix), #0x00
                            308 ;src/main.c:114: enemy_x = 0;
   0152 06 00         [ 7]  309 	ld	b, #0x00
   0154                     310 00110$:
                            311 ;src/main.c:121: if ( enemy_x == 0 ) { enemy_x  = ENEMY_INIT_X; }
   0154 78            [ 4]  312 	ld	a, b
   0155 B7            [ 4]  313 	or	a, a
   0156 20 04         [12]  314 	jr	NZ,00116$
   0158 06 43         [ 7]  315 	ld	b, #0x43
   015A 18 04         [12]  316 	jr	00117$
   015C                     317 00116$:
                            318 ;src/main.c:122: else                { enemy_x += ENEMY_VX;  }    
   015C 78            [ 4]  319 	ld	a, b
   015D C6 FF         [ 7]  320 	add	a, #0xff
   015F 47            [ 4]  321 	ld	b, a
   0160                     322 00117$:
                            323 ;src/main.c:124: if ( shot_on ) {
   0160 DD 7E FF      [19]  324 	ld	a, -1 (ix)
   0163 B7            [ 4]  325 	or	a, a
   0164 28 10         [12]  326 	jr	Z,00124$
                            327 ;src/main.c:125: if ( shot_y == 0 )  { shot_on  = FALSE; }
   0166 79            [ 4]  328 	ld	a, c
   0167 B7            [ 4]  329 	or	a, a
   0168 20 06         [12]  330 	jr	NZ,00119$
   016A DD 36 FF 00   [19]  331 	ld	-1 (ix), #0x00
   016E 18 18         [12]  332 	jr	00125$
   0170                     333 00119$:
                            334 ;src/main.c:126: else                { shot_y += SHOT_VY;  } 
   0170 79            [ 4]  335 	ld	a, c
   0171 C6 FE         [ 7]  336 	add	a, #0xfe
   0173 4F            [ 4]  337 	ld	c, a
   0174 18 12         [12]  338 	jr	00125$
   0176                     339 00124$:
                            340 ;src/main.c:128: if ( cpct_isKeyPressed(Key_Space) ){
   0176 C5            [11]  341 	push	bc
   0177 21 05 80      [10]  342 	ld	hl, #0x8005
   017A CDr00r00      [17]  343 	call	_cpct_isKeyPressed
   017D C1            [10]  344 	pop	bc
   017E 7D            [ 4]  345 	ld	a, l
   017F B7            [ 4]  346 	or	a, a
   0180 28 06         [12]  347 	jr	Z,00125$
                            348 ;src/main.c:129: shot_on = TRUE;
   0182 DD 36 FF 01   [19]  349 	ld	-1 (ix), #0x01
                            350 ;src/main.c:130: shot_y  = SHOT_INIT_Y;  
   0186 0E B2         [ 7]  351 	ld	c, #0xb2
   0188                     352 00125$:
                            353 ;src/main.c:137: cpct_scanKeyboard();
   0188 C5            [11]  354 	push	bc
   0189 CDr00r00      [17]  355 	call	_cpct_scanKeyboard
   018C CDr00r00      [17]  356 	call	_cpct_waitVSYNC
   018F C1            [10]  357 	pop	bc
   0190 C3rCAr00      [10]  358 	jp	00127$
   0193 33            [ 6]  359 	inc	sp
   0194 DD E1         [14]  360 	pop	ix
   0196 C9            [10]  361 	ret
                            362 	.area _CODE
                            363 	.area _INITIALIZER
                            364 	.area _CABS (ABS)
